2021-11-18 03:38:28,588 CRIT Supervisor is running as root.  Privileges were not dropped because no user is specified in the config file.  If you intend to run as root, you can set user=root in the config file to avoid this message.
2021-11-18 03:38:28,603 INFO supervisord started with pid 1
2021-11-18 03:38:29,616 INFO spawned: 'cron' with pid 7
2021-11-18 03:38:29,623 INFO spawned: 'php-fpm' with pid 8
2021-11-18 03:38:29,631 INFO spawned: 'worker' with pid 9
2021-11-18 03:38:30,805 INFO success: cron entered RUNNING state, process has stayed up for > than 1 seconds (startsecs)
2021-11-18 03:38:30,808 INFO success: php-fpm entered RUNNING state, process has stayed up for > than 1 seconds (startsecs)
2021-11-18 03:38:30,811 INFO success: worker entered RUNNING state, process has stayed up for > than 1 seconds (startsecs)
2021-11-18 03:40:44,256 INFO reaped unknown pid 189 (exit status 0)
2021-11-18 06:20:51,370 INFO exited: worker (exit status 1; not expected)
2021-11-18 06:20:52,398 INFO spawned: 'worker' with pid 9398
2021-11-18 06:20:53,409 INFO success: worker entered RUNNING state, process has stayed up for > than 1 seconds (startsecs)
2021-11-18 06:29:00,740 INFO exited: worker (exit status 1; not expected)
2021-11-18 06:29:01,767 INFO spawned: 'worker' with pid 9721
2021-11-18 06:29:02,774 INFO success: worker entered RUNNING state, process has stayed up for > than 1 seconds (startsecs)
2021-11-18 07:41:16,492 INFO exited: worker (exit status 1; not expected)
2021-11-18 07:41:17,509 INFO spawned: 'worker' with pid 15880
2021-11-18 07:41:18,516 INFO success: worker entered RUNNING state, process has stayed up for > than 1 seconds (startsecs)
2021-11-19 00:20:49,899 INFO exited: worker (exit status 1; not expected)
2021-11-19 00:20:50,946 INFO spawned: 'worker' with pid 54099
2021-11-19 00:20:51,959 INFO success: worker entered RUNNING state, process has stayed up for > than 1 seconds (startsecs)
