2021/11/18 03:38:29 [notice] 1#1: using the "epoll" event method
2021/11/18 03:38:29 [notice] 1#1: nginx/1.21.4
2021/11/18 03:38:29 [notice] 1#1: built by gcc 10.3.1 20210424 (Alpine 10.3.1_git20210424)
2021/11/18 03:38:29 [notice] 1#1: OS: Linux 5.10.47-linuxkit
2021/11/18 03:38:29 [notice] 1#1: getrlimit(RLIMIT_NOFILE): 1048576:1048576
2021/11/18 03:38:29 [notice] 1#1: start worker processes
2021/11/18 03:38:29 [notice] 1#1: start worker process 32
2021/11/18 03:38:29 [notice] 1#1: start worker process 33
2021/11/27 14:24:09 [notice] 1#1: using the "epoll" event method
2021/11/27 14:24:09 [notice] 1#1: nginx/1.21.4
2021/11/27 14:24:09 [notice] 1#1: built by gcc 10.3.1 20210424 (Alpine 10.3.1_git20210424)
2021/11/27 14:24:09 [notice] 1#1: OS: Linux 5.10.47-linuxkit
2021/11/27 14:24:09 [notice] 1#1: getrlimit(RLIMIT_NOFILE): 1048576:1048576
2021/11/27 14:24:09 [notice] 1#1: start worker processes
2021/11/27 14:24:09 [notice] 1#1: start worker process 32
2021/11/27 14:24:09 [notice] 1#1: start worker process 33
2021/11/27 14:24:09 [notice] 1#1: start worker process 34
2021/11/27 14:24:09 [notice] 1#1: start worker process 35
2021/11/27 14:24:19 [notice] 1#1: signal 3 (SIGQUIT) received, shutting down
2021/11/27 14:24:19 [notice] 32#32: gracefully shutting down
2021/11/27 14:24:19 [notice] 32#32: exiting
2021/11/27 14:24:19 [notice] 33#33: gracefully shutting down
2021/11/27 14:24:19 [notice] 33#33: exiting
2021/11/27 14:24:19 [notice] 34#34: gracefully shutting down
2021/11/27 14:24:19 [notice] 35#35: gracefully shutting down
2021/11/27 14:24:19 [notice] 32#32: exit
2021/11/27 14:24:19 [notice] 33#33: exit
2021/11/27 14:24:19 [notice] 34#34: exiting
2021/11/27 14:24:19 [notice] 35#35: exiting
2021/11/27 14:24:19 [notice] 35#35: exit
2021/11/27 14:24:19 [notice] 34#34: exit
2021/11/27 14:24:19 [notice] 1#1: signal 17 (SIGCHLD) received from 33
2021/11/27 14:24:19 [notice] 1#1: worker process 32 exited with code 0
2021/11/27 14:24:19 [notice] 1#1: worker process 33 exited with code 0
2021/11/27 14:24:19 [notice] 1#1: signal 29 (SIGIO) received
2021/11/27 14:24:19 [notice] 1#1: signal 17 (SIGCHLD) received from 35
2021/11/27 14:24:19 [notice] 1#1: worker process 34 exited with code 0
2021/11/27 14:24:19 [notice] 1#1: worker process 35 exited with code 0
2021/11/27 14:24:19 [notice] 1#1: exit
2021/11/27 14:30:04 [notice] 1#1: using the "epoll" event method
2021/11/27 14:30:04 [notice] 1#1: nginx/1.21.4
2021/11/27 14:30:04 [notice] 1#1: built by gcc 10.3.1 20210424 (Alpine 10.3.1_git20210424)
2021/11/27 14:30:04 [notice] 1#1: OS: Linux 5.10.47-linuxkit
2021/11/27 14:30:04 [notice] 1#1: getrlimit(RLIMIT_NOFILE): 1048576:1048576
2021/11/27 14:30:04 [notice] 1#1: start worker processes
2021/11/27 14:30:04 [notice] 1#1: start worker process 32
2021/11/27 14:30:04 [notice] 1#1: start worker process 33
2021/11/27 14:30:04 [notice] 1#1: start worker process 34
2021/11/27 14:30:04 [notice] 1#1: start worker process 35
2021/11/28 16:13:44 [notice] 1#1: using the "epoll" event method
2021/11/28 16:13:44 [notice] 1#1: nginx/1.21.4
2021/11/28 16:13:44 [notice] 1#1: built by gcc 10.3.1 20210424 (Alpine 10.3.1_git20210424) 
2021/11/28 16:13:44 [notice] 1#1: OS: Linux 5.10.47-linuxkit
2021/11/28 16:13:44 [notice] 1#1: getrlimit(RLIMIT_NOFILE): 1048576:1048576
2021/11/28 16:13:44 [notice] 1#1: start worker processes
2021/11/28 16:13:44 [notice] 1#1: start worker process 32
2021/11/28 16:13:44 [notice] 1#1: start worker process 33
2021/11/28 16:14:38 [error] 33#33: *2 FastCGI sent in stderr: "Primary script unknown" while reading response header from upstream, client: 172.18.0.1, server: , request: "GET /circle/ HTTP/1.1", upstream: "fastcgi://172.18.0.3:9000", host: "localhost:8000"
2021/11/29 05:43:40 [notice] 1#1: signal 3 (SIGQUIT) received, shutting down
2021/11/29 05:43:40 [notice] 33#33: gracefully shutting down
2021/11/29 05:43:40 [notice] 33#33: exiting
2021/11/29 05:43:40 [notice] 32#32: gracefully shutting down
2021/11/29 05:43:40 [notice] 33#33: exit
2021/11/29 05:43:40 [notice] 32#32: exiting
2021/11/29 05:43:40 [notice] 32#32: exit
2021/11/29 05:43:40 [notice] 1#1: signal 17 (SIGCHLD) received from 33
2021/11/29 05:43:40 [notice] 1#1: worker process 33 exited with code 0
2021/11/29 05:43:40 [notice] 1#1: signal 29 (SIGIO) received
2021/11/29 05:43:40 [notice] 1#1: signal 17 (SIGCHLD) received from 32
2021/11/29 05:43:40 [notice] 1#1: worker process 32 exited with code 0
2021/11/29 05:43:40 [notice] 1#1: exit
2021/11/30 15:26:20 [notice] 1#1: using the "epoll" event method
2021/11/30 15:26:20 [notice] 1#1: nginx/1.21.4
2021/11/30 15:26:20 [notice] 1#1: built by gcc 10.3.1 20210424 (Alpine 10.3.1_git20210424) 
2021/11/30 15:26:20 [notice] 1#1: OS: Linux 5.10.47-linuxkit
2021/11/30 15:26:20 [notice] 1#1: getrlimit(RLIMIT_NOFILE): 1048576:1048576
2021/11/30 15:26:20 [notice] 1#1: start worker processes
2021/11/30 15:26:20 [notice] 1#1: start worker process 31
2021/11/30 15:26:20 [notice] 1#1: start worker process 32
2021/11/30 15:29:49 [error] 32#32: *11 FastCGI sent in stderr: "Primary script unknown" while reading response header from upstream, client: 172.18.0.1, server: , request: "GET /circle/my_account/profile/ HTTP/1.1", upstream: "fastcgi://172.18.0.3:9000", host: "localhost:8000"
2021/11/30 16:06:09 [notice] 1#1: signal 3 (SIGQUIT) received, shutting down
2021/11/30 16:06:09 [notice] 31#31: gracefully shutting down
2021/11/30 16:06:09 [notice] 32#32: gracefully shutting down
2021/11/30 16:06:09 [notice] 31#31: exiting
2021/11/30 16:06:09 [notice] 32#32: exiting
2021/11/30 16:06:09 [notice] 31#31: exit
2021/11/30 16:06:09 [notice] 32#32: e2021/12/04 04:03:18 [notice] 1#1: using the "epoll" event method
2021/12/04 04:03:18 [notice] 1#1: nginx/1.21.4
2021/12/04 04:03:18 [notice] 1#1: built by gcc 10.3.1 20210424 (Alpine 10.3.1_git20210424) 
2021/12/04 04:03:18 [notice] 1#1: OS: Linux 5.10.47-linuxkit
2021/12/04 04:03:18 [notice] 1#1: getrlimit(RLIMIT_NOFILE): 1048576:1048576
2021/12/04 04:03:18 [notice] 1#1: start worker processes
2021/12/04 04:03:18 [notice] 1#1: start worker process 32
2021/12/04 04:03:18 [notice] 1#1: start worker process 33
2021/12/04 04:03:18 [notice] 1#1: start worker process 34
2021/12/04 04:03:18 [notice] 1#1: start worker process 35
2021/12/04 04:03:56 [notice] 1#1: signal 3 (SIGQUIT) received, shutting down
2021/12/04 04:03:56 [notice] 32#32: gracefully shutting down
2021/12/04 04:03:56 [notice] 32#32: exiting
2021/12/04 04:03:56 [notice] 34#34: gracefully shutting down
2021/12/04 04:03:56 [notice] 34#34: exiting
2021/12/04 04:03:56 [notice] 33#33: gracefully shutting down
2021/12/04 04:03:56 [notice] 33#33: exiting
2021/12/04 04:03:56 [notice] 35#35: gracefully shutting down
2021/12/04 04:03:56 [notice] 35#35: exiting
2021/12/04 04:03:56 [notice] 32#32: exit
2021/12/04 04:03:56 [notice] 34#34: exit
2021/12/04 04:03:56 [notice] 33#33: exit
2021/12/04 04:03:56 [notice] 35#35: exit
2021/12/04 04:03:56 [notice] 1#1: signal 17 (SIGCHLD) received from 34
2021/12/04 04:03:56 [notice] 1#1: worker process 34 exited with code 0
2021/12/04 04:03:56 [notice] 1#1: signal 29 (SIGIO) received
2021/12/04 04:03:56 [notice] 1#1: signal 17 (SIGCHLD) received from 35
2021/12/04 04:03:56 [notice] 1#1: worker process 35 exited with code 0
2021/12/04 04:03:56 [notice] 1#1: signal 29 (SIGIO) received
2021/12/04 04:03:56 [notice] 1#1: signal 17 (SIGCHLD) received from 32
2021/12/04 04:03:56 [notice] 1#1: worker process 32 exited with code 0
2021/12/04 04:03:56 [notice] 1#1: worker process 33 exited with code 0
2021/12/04 04:03:56 [notice] 1#1: exit
18.0.1, server: , request: "POST /admin/products/30 HTTP/1.1", host: "localhost:8000", referrer: "http://localhost:8000/admin/products/30/edit"
2021/12/01 07:17:22 [notice] 1#1: using the "epoll" event method
2021/12/01 07:17:22 [notice] 1#1: nginx/1.21.4
2021/12/01 07:17:22 [notice] 1#1: built by gcc 10.3.1 20210424 (Alpine 10.3.1_git20210424) 
2021/12/01 07:17:22 [notice] 1#1: OS: Linux 5.10.47-linuxkit
2021/12/01 07:17:22 [notice] 1#1: getrlimit(RLIMIT_NOFILE): 1048576:1048576
2021/12/01 07:17:22 [notice] 1#1: start worker processes
2021/12/01 07:17:22 [notice] 1#1: start worker process 33
2021/12/01 07:17:22 [notice] 1#1: start worker process 34
2021/12/01 07:17:26 [error] 33#33: *2 FastCGI sent in stderr: "Primary script unknown" while reading response header from upstream, client: 172.18.0.1, server: , request: "GET /circle/ HTTP/1.1", upstream: "fastcgi://172.18.0.3:9000", host: "localhost:8000"
2021/12/04 04:04:06 [notice] 1#1: using the "epoll" event method
2021/12/04 04:04:06 [notice] 1#1: nginx/1.21.4
2021/12/04 04:04:06 [notice] 1#1: built by gcc 10.3.1 20210424 (Alpine 10.3.1_git20210424) 
2021/12/04 04:04:06 [notice] 1#1: OS: Linux 5.10.47-linuxkit
2021/12/04 04:04:06 [notice] 1#1: getrlimit(RLIMIT_NOFILE): 1048576:1048576
2021/12/04 04:04:06 [notice] 1#1: start worker processes
2021/12/04 04:04:06 [notice] 1#1: start worker process 32
2021/12/04 04:04:06 [notice] 1#1: start worker process 33
2021/12/04 04:04:06 [notice] 1#1: start worker process 34
2021/12/04 04:04:06 [notice] 1#1: start worker process 35
